c:\users\lfish\projects\winviacppstudy\14-sysinfo\14-sysinfo\generatedfiles\ui_sysinfo.h
c:\users\lfish\projects\winviacppstudy\14-sysinfo\14-sysinfo\generatedfiles\qrc_sysinfo.cpp
c:\users\lfish\projects\winviacppstudy\14-sysinfo\14-sysinfo\generatedfiles\debug\moc_sysinfo.cpp
c:\users\lfish\projects\winviacppstudy\14-sysinfo\14-sysinfo\debug\sysinfo.obj
c:\users\lfish\projects\winviacppstudy\14-sysinfo\14-sysinfo\debug\moc_sysinfo.obj
c:\users\lfish\projects\winviacppstudy\14-sysinfo\14-sysinfo\debug\main.obj
c:\users\lfish\projects\winviacppstudy\14-sysinfo\14-sysinfo\debug\qrc_sysinfo.obj
c:\users\lfish\projects\winviacppstudy\14-sysinfo\14-sysinfo\debug\vc142.pdb
c:\users\lfish\projects\winviacppstudy\14-sysinfo\win32\debug\14-sysinfo.exe
c:\users\lfish\projects\winviacppstudy\14-sysinfo\win32\debug\14-sysinfo.ilk
c:\users\lfish\projects\winviacppstudy\14-sysinfo\win32\debug\14-sysinfo.pdb
c:\users\lfish\projects\winviacppstudy\14-sysinfo\14-sysinfo\.\generatedfiles\debug\moc_sysinfo.cpp
c:\users\lfish\projects\winviacppstudy\14-sysinfo\14-sysinfo\.\generatedfiles\qrc_sysinfo.cpp
c:\users\lfish\projects\winviacppstudy\14-sysinfo\14-sysinfo\.\generatedfiles\ui_sysinfo.h
c:\users\lfish\projects\winviacppstudy\14-sysinfo\14-sysinfo\debug\14-sysinfo.tlog\14-sysinfo.write.1u.tlog
c:\users\lfish\projects\winviacppstudy\14-sysinfo\14-sysinfo\debug\14-sysinfo.tlog\cl.command.1.tlog
c:\users\lfish\projects\winviacppstudy\14-sysinfo\14-sysinfo\debug\14-sysinfo.tlog\cl.read.1.tlog
c:\users\lfish\projects\winviacppstudy\14-sysinfo\14-sysinfo\debug\14-sysinfo.tlog\cl.write.1.tlog
c:\users\lfish\projects\winviacppstudy\14-sysinfo\14-sysinfo\debug\14-sysinfo.tlog\link.3100.delete.1.tlog
c:\users\lfish\projects\winviacppstudy\14-sysinfo\14-sysinfo\debug\14-sysinfo.tlog\link.7448.delete.1.tlog
c:\users\lfish\projects\winviacppstudy\14-sysinfo\14-sysinfo\debug\14-sysinfo.tlog\link.7860.delete.1.tlog
c:\users\lfish\projects\winviacppstudy\14-sysinfo\14-sysinfo\debug\14-sysinfo.tlog\link.9168.delete.1.tlog
c:\users\lfish\projects\winviacppstudy\14-sysinfo\14-sysinfo\debug\14-sysinfo.tlog\link.command.1.tlog
c:\users\lfish\projects\winviacppstudy\14-sysinfo\14-sysinfo\debug\14-sysinfo.tlog\link.delete.1.tlog
c:\users\lfish\projects\winviacppstudy\14-sysinfo\14-sysinfo\debug\14-sysinfo.tlog\link.read.1.tlog
c:\users\lfish\projects\winviacppstudy\14-sysinfo\14-sysinfo\debug\14-sysinfo.tlog\link.write.1.tlog
c:\users\lfish\projects\winviacppstudy\14-sysinfo\14-sysinfo\debug\14-sysinfo.tlog\moc.read.1u.tlog
c:\users\lfish\projects\winviacppstudy\14-sysinfo\14-sysinfo\debug\14-sysinfo.tlog\moc.write.1u.tlog
c:\users\lfish\projects\winviacppstudy\14-sysinfo\14-sysinfo\debug\14-sysinfo.tlog\rcc.read.1u.tlog
c:\users\lfish\projects\winviacppstudy\14-sysinfo\14-sysinfo\debug\14-sysinfo.tlog\rcc.write.1u.tlog
c:\users\lfish\projects\winviacppstudy\14-sysinfo\14-sysinfo\debug\14-sysinfo.tlog\uic.read.1u.tlog
c:\users\lfish\projects\winviacppstudy\14-sysinfo\14-sysinfo\debug\14-sysinfo.tlog\uic.write.1u.tlog
