c:\users\lfish\projects\winviacppstudy\22-lastmsgboxinfolib\x64\debug\my22lastmsgboxinfolib.lib
c:\users\lfish\projects\winviacppstudy\22-lastmsgboxinfolib\x64\debug\my22lastmsgboxinfolib.exp
c:\users\lfish\projects\winviacppstudy\22-lastmsgboxinfolib\22-lastmsgboxinfolib\x64\debug\my22lastmsgboxinfolib.pch
c:\users\lfish\projects\winviacppstudy\22-lastmsgboxinfolib\22-lastmsgboxinfolib\x64\debug\vc142.pdb
c:\users\lfish\projects\winviacppstudy\22-lastmsgboxinfolib\22-lastmsgboxinfolib\x64\debug\vc142.idb
c:\users\lfish\projects\winviacppstudy\22-lastmsgboxinfolib\22-lastmsgboxinfolib\x64\debug\pch.obj
c:\users\lfish\projects\winviacppstudy\22-lastmsgboxinfolib\22-lastmsgboxinfolib\x64\debug\dllmain.obj
c:\users\lfish\projects\winviacppstudy\22-lastmsgboxinfolib\22-lastmsgboxinfolib\x64\debug\apihook.obj
c:\users\lfish\projects\winviacppstudy\22-lastmsgboxinfolib\22-lastmsgboxinfolib\x64\debug\22-lastmsgboxinfolib.obj
c:\users\lfish\projects\winviacppstudy\22-lastmsgboxinfolib\x64\debug\my22lastmsgboxinfolib.dll
c:\users\lfish\projects\winviacppstudy\22-lastmsgboxinfolib\x64\debug\my22lastmsgboxinfolib.ilk
c:\users\lfish\projects\winviacppstudy\22-lastmsgboxinfolib\x64\debug\my22lastmsgboxinfolib.pdb
c:\users\lfish\projects\winviacppstudy\22-lastmsgboxinfolib\22-lastmsgboxinfolib\x64\debug\22-lastm.d4afe70f.tlog\22-lastmsgboxinfolib.write.1u.tlog
c:\users\lfish\projects\winviacppstudy\22-lastmsgboxinfolib\22-lastmsgboxinfolib\x64\debug\22-lastm.d4afe70f.tlog\cl.command.1.tlog
c:\users\lfish\projects\winviacppstudy\22-lastmsgboxinfolib\22-lastmsgboxinfolib\x64\debug\22-lastm.d4afe70f.tlog\cl.read.1.tlog
c:\users\lfish\projects\winviacppstudy\22-lastmsgboxinfolib\22-lastmsgboxinfolib\x64\debug\22-lastm.d4afe70f.tlog\cl.write.1.tlog
c:\users\lfish\projects\winviacppstudy\22-lastmsgboxinfolib\22-lastmsgboxinfolib\x64\debug\22-lastm.d4afe70f.tlog\link.5820.delete.1.tlog
c:\users\lfish\projects\winviacppstudy\22-lastmsgboxinfolib\22-lastmsgboxinfolib\x64\debug\22-lastm.d4afe70f.tlog\link.command.1.tlog
c:\users\lfish\projects\winviacppstudy\22-lastmsgboxinfolib\22-lastmsgboxinfolib\x64\debug\22-lastm.d4afe70f.tlog\link.read.1.tlog
c:\users\lfish\projects\winviacppstudy\22-lastmsgboxinfolib\22-lastmsgboxinfolib\x64\debug\22-lastm.d4afe70f.tlog\link.write.1.tlog
