c:\users\lfish\projects\winviacppstudy\22-injlib-x64\22-injlib-x64\x64\debug\uic\ui_injlibx64.h
c:\users\lfish\projects\winviacppstudy\22-injlib-x64\22-injlib-x64\x64\debug\rcc\qrc_injlibx64.cpp
c:\users\lfish\projects\winviacppstudy\22-injlib-x64\22-injlib-x64\x64\debug\moc\moc_injlibx64.cpp
c:\users\lfish\projects\winviacppstudy\22-injlib-x64\22-injlib-x64\x64\debug\qrc_injlibx64.obj
c:\users\lfish\projects\winviacppstudy\22-injlib-x64\22-injlib-x64\x64\debug\qrc_injlibx64.asm
c:\users\lfish\projects\winviacppstudy\22-injlib-x64\22-injlib-x64\x64\debug\moc_injlibx64.obj
c:\users\lfish\projects\winviacppstudy\22-injlib-x64\22-injlib-x64\x64\debug\moc_injlibx64.asm
c:\users\lfish\projects\winviacppstudy\22-injlib-x64\22-injlib-x64\x64\debug\vc142.pdb
c:\users\lfish\projects\winviacppstudy\22-injlib-x64\22-injlib-x64\x64\debug\injlibx64.obj
c:\users\lfish\projects\winviacppstudy\22-injlib-x64\22-injlib-x64\x64\debug\main.obj
c:\users\lfish\projects\winviacppstudy\22-injlib-x64\x64\debug\22-injlib-x64.exe
c:\users\lfish\projects\winviacppstudy\22-injlib-x64\x64\debug\22-injlib-x64.ilk
c:\users\lfish\projects\winviacppstudy\22-injlib-x64\x64\debug\22-injlib-x64.pdb
c:\users\lfish\projects\winviacppstudy\22-injlib-x64\22-injlib-x64\x64\debug\\moc\\moc_injlibx64.cpp
c:\users\lfish\projects\winviacppstudy\22-injlib-x64\22-injlib-x64\x64\debug\\rcc\\qrc_injlibx64.cpp
c:\users\lfish\projects\winviacppstudy\22-injlib-x64\22-injlib-x64\x64\debug\\uic\\ui_injlibx64.h
c:\users\lfish\projects\winviacppstudy\22-injlib-x64\22-injlib-x64\x64\debug\22-injlib-x64.tlog\22-injlib-x64.write.1u.tlog
c:\users\lfish\projects\winviacppstudy\22-injlib-x64\22-injlib-x64\x64\debug\22-injlib-x64.tlog\cl.command.1.tlog
c:\users\lfish\projects\winviacppstudy\22-injlib-x64\22-injlib-x64\x64\debug\22-injlib-x64.tlog\cl.read.1.tlog
c:\users\lfish\projects\winviacppstudy\22-injlib-x64\22-injlib-x64\x64\debug\22-injlib-x64.tlog\cl.write.1.tlog
c:\users\lfish\projects\winviacppstudy\22-injlib-x64\22-injlib-x64\x64\debug\22-injlib-x64.tlog\link.10308.delete.1.tlog
c:\users\lfish\projects\winviacppstudy\22-injlib-x64\22-injlib-x64\x64\debug\22-injlib-x64.tlog\link.10516.delete.1.tlog
c:\users\lfish\projects\winviacppstudy\22-injlib-x64\22-injlib-x64\x64\debug\22-injlib-x64.tlog\link.2300.delete.1.tlog
c:\users\lfish\projects\winviacppstudy\22-injlib-x64\22-injlib-x64\x64\debug\22-injlib-x64.tlog\link.2520.delete.1.tlog
c:\users\lfish\projects\winviacppstudy\22-injlib-x64\22-injlib-x64\x64\debug\22-injlib-x64.tlog\link.3708.delete.1.tlog
c:\users\lfish\projects\winviacppstudy\22-injlib-x64\22-injlib-x64\x64\debug\22-injlib-x64.tlog\link.6100.delete.1.tlog
c:\users\lfish\projects\winviacppstudy\22-injlib-x64\22-injlib-x64\x64\debug\22-injlib-x64.tlog\link.command.1.tlog
c:\users\lfish\projects\winviacppstudy\22-injlib-x64\22-injlib-x64\x64\debug\22-injlib-x64.tlog\link.read.1.tlog
c:\users\lfish\projects\winviacppstudy\22-injlib-x64\22-injlib-x64\x64\debug\22-injlib-x64.tlog\link.write.1.tlog
c:\users\lfish\projects\winviacppstudy\22-injlib-x64\22-injlib-x64\x64\debug\22-injlib-x64.tlog\moc.read.1u.tlog
c:\users\lfish\projects\winviacppstudy\22-injlib-x64\22-injlib-x64\x64\debug\22-injlib-x64.tlog\moc.write.1u.tlog
c:\users\lfish\projects\winviacppstudy\22-injlib-x64\22-injlib-x64\x64\debug\22-injlib-x64.tlog\rcc.read.1u.tlog
c:\users\lfish\projects\winviacppstudy\22-injlib-x64\22-injlib-x64\x64\debug\22-injlib-x64.tlog\rcc.write.1u.tlog
c:\users\lfish\projects\winviacppstudy\22-injlib-x64\22-injlib-x64\x64\debug\22-injlib-x64.tlog\uic.read.1u.tlog
c:\users\lfish\projects\winviacppstudy\22-injlib-x64\22-injlib-x64\x64\debug\22-injlib-x64.tlog\uic.write.1u.tlog
