c:\users\lfish\projects\winviacppstudy\04-processinfo\04-processinfo\generatedfiles\ui_processinfo.h
c:\users\lfish\projects\winviacppstudy\04-processinfo\04-processinfo\generatedfiles\qrc_processinfo.cpp
c:\users\lfish\projects\winviacppstudy\04-processinfo\04-processinfo\generatedfiles\debug\moc_processinfo.cpp
c:\users\lfish\projects\winviacppstudy\04-processinfo\04-processinfo\debug\main.obj
c:\users\lfish\projects\winviacppstudy\04-processinfo\04-processinfo\debug\qrc_processinfo.obj
c:\users\lfish\projects\winviacppstudy\04-processinfo\04-processinfo\debug\processinfo.obj
c:\users\lfish\projects\winviacppstudy\04-processinfo\04-processinfo\debug\moc_processinfo.obj
c:\users\lfish\projects\winviacppstudy\04-processinfo\04-processinfo\debug\vc142.pdb
c:\users\lfish\projects\winviacppstudy\04-processinfo\win32\debug\04-processinfo.exe
c:\users\lfish\projects\winviacppstudy\04-processinfo\win32\debug\04-processinfo.ilk
c:\users\lfish\projects\winviacppstudy\04-processinfo\win32\debug\04-processinfo.pdb
c:\users\lfish\projects\winviacppstudy\04-processinfo\04-processinfo\.\generatedfiles\debug\moc_processinfo.cpp
c:\users\lfish\projects\winviacppstudy\04-processinfo\04-processinfo\.\generatedfiles\qrc_processinfo.cpp
c:\users\lfish\projects\winviacppstudy\04-processinfo\04-processinfo\.\generatedfiles\ui_processinfo.h
c:\users\lfish\projects\winviacppstudy\04-processinfo\04-processinfo\debug\04-processinfo.tlog\04-processinfo.write.1u.tlog
c:\users\lfish\projects\winviacppstudy\04-processinfo\04-processinfo\debug\04-processinfo.tlog\cl.command.1.tlog
c:\users\lfish\projects\winviacppstudy\04-processinfo\04-processinfo\debug\04-processinfo.tlog\cl.read.1.tlog
c:\users\lfish\projects\winviacppstudy\04-processinfo\04-processinfo\debug\04-processinfo.tlog\cl.write.1.tlog
c:\users\lfish\projects\winviacppstudy\04-processinfo\04-processinfo\debug\04-processinfo.tlog\link.1164.delete.1.tlog
c:\users\lfish\projects\winviacppstudy\04-processinfo\04-processinfo\debug\04-processinfo.tlog\link.1380.delete.1.tlog
c:\users\lfish\projects\winviacppstudy\04-processinfo\04-processinfo\debug\04-processinfo.tlog\link.4692.delete.1.tlog
c:\users\lfish\projects\winviacppstudy\04-processinfo\04-processinfo\debug\04-processinfo.tlog\link.7476.delete.1.tlog
c:\users\lfish\projects\winviacppstudy\04-processinfo\04-processinfo\debug\04-processinfo.tlog\link.command.1.tlog
c:\users\lfish\projects\winviacppstudy\04-processinfo\04-processinfo\debug\04-processinfo.tlog\link.read.1.tlog
c:\users\lfish\projects\winviacppstudy\04-processinfo\04-processinfo\debug\04-processinfo.tlog\link.write.1.tlog
c:\users\lfish\projects\winviacppstudy\04-processinfo\04-processinfo\debug\04-processinfo.tlog\moc.read.1u.tlog
c:\users\lfish\projects\winviacppstudy\04-processinfo\04-processinfo\debug\04-processinfo.tlog\moc.write.1u.tlog
c:\users\lfish\projects\winviacppstudy\04-processinfo\04-processinfo\debug\04-processinfo.tlog\rcc.read.1u.tlog
c:\users\lfish\projects\winviacppstudy\04-processinfo\04-processinfo\debug\04-processinfo.tlog\rcc.write.1u.tlog
c:\users\lfish\projects\winviacppstudy\04-processinfo\04-processinfo\debug\04-processinfo.tlog\uic.read.1u.tlog
c:\users\lfish\projects\winviacppstudy\04-processinfo\04-processinfo\debug\04-processinfo.tlog\uic.write.1u.tlog
