c:\users\lfish\projects\winviacppstudy\15-vmalloc\15-vmalloc\generatedfiles\ui_vmalloc.h
c:\users\lfish\projects\winviacppstudy\15-vmalloc\15-vmalloc\generatedfiles\qrc_vmalloc.cpp
c:\users\lfish\projects\winviacppstudy\15-vmalloc\15-vmalloc\generatedfiles\debug\moc_vmalloc.cpp
c:\users\lfish\projects\winviacppstudy\15-vmalloc\15-vmalloc\debug\vmalloc.obj
c:\users\lfish\projects\winviacppstudy\15-vmalloc\15-vmalloc\debug\qrc_vmalloc.obj
c:\users\lfish\projects\winviacppstudy\15-vmalloc\15-vmalloc\debug\main.obj
c:\users\lfish\projects\winviacppstudy\15-vmalloc\15-vmalloc\debug\moc_vmalloc.obj
c:\users\lfish\projects\winviacppstudy\15-vmalloc\15-vmalloc\debug\qrc_vmalloc.asm
c:\users\lfish\projects\winviacppstudy\15-vmalloc\15-vmalloc\debug\moc_vmalloc.asm
c:\users\lfish\projects\winviacppstudy\15-vmalloc\15-vmalloc\debug\vc142.pdb
c:\users\lfish\projects\winviacppstudy\15-vmalloc\win32\debug\15-vmalloc.exe
c:\users\lfish\projects\winviacppstudy\15-vmalloc\win32\debug\15-vmalloc.ilk
c:\users\lfish\projects\winviacppstudy\15-vmalloc\win32\debug\15-vmalloc.pdb
c:\users\lfish\projects\winviacppstudy\15-vmalloc\15-vmalloc\.\generatedfiles\debug\moc_vmalloc.cpp
c:\users\lfish\projects\winviacppstudy\15-vmalloc\15-vmalloc\.\generatedfiles\qrc_vmalloc.cpp
c:\users\lfish\projects\winviacppstudy\15-vmalloc\15-vmalloc\.\generatedfiles\ui_vmalloc.h
c:\users\lfish\projects\winviacppstudy\15-vmalloc\15-vmalloc\debug\15-vmalloc.tlog\15-vmalloc.write.1u.tlog
c:\users\lfish\projects\winviacppstudy\15-vmalloc\15-vmalloc\debug\15-vmalloc.tlog\cl.command.1.tlog
c:\users\lfish\projects\winviacppstudy\15-vmalloc\15-vmalloc\debug\15-vmalloc.tlog\cl.read.1.tlog
c:\users\lfish\projects\winviacppstudy\15-vmalloc\15-vmalloc\debug\15-vmalloc.tlog\cl.write.1.tlog
c:\users\lfish\projects\winviacppstudy\15-vmalloc\15-vmalloc\debug\15-vmalloc.tlog\link.1804.delete.1.tlog
c:\users\lfish\projects\winviacppstudy\15-vmalloc\15-vmalloc\debug\15-vmalloc.tlog\link.5520.delete.1.tlog
c:\users\lfish\projects\winviacppstudy\15-vmalloc\15-vmalloc\debug\15-vmalloc.tlog\link.5624.delete.1.tlog
c:\users\lfish\projects\winviacppstudy\15-vmalloc\15-vmalloc\debug\15-vmalloc.tlog\link.5816.delete.1.tlog
c:\users\lfish\projects\winviacppstudy\15-vmalloc\15-vmalloc\debug\15-vmalloc.tlog\link.6432.delete.1.tlog
c:\users\lfish\projects\winviacppstudy\15-vmalloc\15-vmalloc\debug\15-vmalloc.tlog\link.6520.delete.1.tlog
c:\users\lfish\projects\winviacppstudy\15-vmalloc\15-vmalloc\debug\15-vmalloc.tlog\link.7544.delete.1.tlog
c:\users\lfish\projects\winviacppstudy\15-vmalloc\15-vmalloc\debug\15-vmalloc.tlog\link.7828.delete.1.tlog
c:\users\lfish\projects\winviacppstudy\15-vmalloc\15-vmalloc\debug\15-vmalloc.tlog\link.8308.delete.1.tlog
c:\users\lfish\projects\winviacppstudy\15-vmalloc\15-vmalloc\debug\15-vmalloc.tlog\link.command.1.tlog
c:\users\lfish\projects\winviacppstudy\15-vmalloc\15-vmalloc\debug\15-vmalloc.tlog\link.read.1.tlog
c:\users\lfish\projects\winviacppstudy\15-vmalloc\15-vmalloc\debug\15-vmalloc.tlog\link.write.1.tlog
c:\users\lfish\projects\winviacppstudy\15-vmalloc\15-vmalloc\debug\15-vmalloc.tlog\moc.read.1u.tlog
c:\users\lfish\projects\winviacppstudy\15-vmalloc\15-vmalloc\debug\15-vmalloc.tlog\moc.write.1u.tlog
c:\users\lfish\projects\winviacppstudy\15-vmalloc\15-vmalloc\debug\15-vmalloc.tlog\rcc.read.1u.tlog
c:\users\lfish\projects\winviacppstudy\15-vmalloc\15-vmalloc\debug\15-vmalloc.tlog\rcc.write.1u.tlog
c:\users\lfish\projects\winviacppstudy\15-vmalloc\15-vmalloc\debug\15-vmalloc.tlog\uic.read.1u.tlog
c:\users\lfish\projects\winviacppstudy\15-vmalloc\15-vmalloc\debug\15-vmalloc.tlog\uic.write.1u.tlog
